


ARM Macro Assembler    Page 1 


    1 00000000                 PRESERVE8
    2 00000000                 THUMB
    3 00000000         
    4 00000000                 include          DriverJeuLaser.inc
    1 00000000         
    2 00000000         ; Bibliotheque DriverJeuLaser (ancienne gassp72 adaptée 
                       2021 - TR)
    3 00000000         ; Accès en aux fonctions suivantes :
    4 00000000         ; GPIO :
    5 00000000         ; GPIOA_Set(char Broche), GPIOB_Set(char Broche), GPIOC_
                       Set(char Broche)
    6 00000000         ; GPIOA_Clear(char Broche), GPIOB_Clear(char Broche), GP
                       IOC_Clear(char Broche)
    7 00000000         
    8 00000000         ; PWM :
    9 00000000         ;/**
   10 00000000         ; * @brief  Fixe une valeur de PWM, Val, en tick horloge
                       . La rapport cyclique effectif
   11 00000000         ; * est donc : rcy = Thaut_ticks / Periode_ticks
   12 00000000         ; * @note   spécifique Jeu Laser, PWM liée exclusivement
                        au TIM3, chan3
   13 00000000         ; * @param  Thaut_ticks : durée de l'état haut d'une imp
                       ulsion en Ticks
   14 00000000         ;  * @retval None
   15 00000000         ; */
   16 00000000         
   17 00000000         ;void PWM_Set_Value_TIM3_Ch3( unsigned short int Thaut_t
                       icks);
   18 00000000                 import           PWM_Set_Value_TIM3_Ch3
   19 00000000         
   20 00000000         
   21 00000000         
   22 00000000         ;/**
   23 00000000         ; * @brief  Mise à 1 d'une broche GPIO 
   24 00000000         ;  * @note   Une fonction par GPIO
   25 00000000         ; * @param  Broche : 0 à 15
   26 00000000         ; * @retval None
   27 00000000         ; */
   28 00000000         
   29 00000000         ;void GPIOA_Set(char Broche);
   30 00000000                 import           GPIOA_Set
   31 00000000         
   32 00000000         ;void GPIOB_Set(char Broche);
   33 00000000                 import           GPIOB_Set
   34 00000000         
   35 00000000         ;void GPIOC_Set(char Broche);
   36 00000000                 import           GPIOC_Set
   37 00000000         
   38 00000000         
   39 00000000         
   40 00000000         ;/**
   41 00000000         ; * @brief  Mise à 0 d'une broche GPIO 
   42 00000000         ;  * @note   Une fonction par GPIO
   43 00000000         ; * @param  Broche : 0 à 15
   44 00000000         ; * @retval None
   45 00000000         ;  */
   46 00000000         
   47 00000000         ;void GPIOA_Clear(char Broche);
   48 00000000                 import           GPIOA_Clear



ARM Macro Assembler    Page 2 


   49 00000000         
   50 00000000         ;void GPIOB_Clear(char Broche);
   51 00000000                 import           GPIOB_Clear
   52 00000000         
   53 00000000         ;void GPIOC_Clear(char Broche);
   54 00000000                 import           GPIOC_Clear
   55 00000000         
   56 00000000                 end
    5 00000000         
    6 00000000                 extern           Son
    7 00000000                 extern           LongueurSon
    8 00000000         
    9 00000000                 EXPORT           callbackSon
   10 00000000                 EXPORT           Index
   11 00000000                 EXPORT           SortieSon
   12 00000000                 EXPORT           StartSon
   13 00000000         ; ====================== zone de réservation de données,
                         ======================================
   14 00000000         ;Section RAM (read only) :
   15 00000000                 area             mesdata,data,readonly
   16 00000000         
   17 00000000         
   18 00000000         ;Section RAM (read write):
   19 00000000                 area             maram,data,readwrite
   20 00000000         
   21 00000000         
   22 00000000         
   23 00000000         ; ======================================================
                       =========================================
   24 00000000         
   25 00000000         
   26 00000000 00000000 
                       SortieSon
                               dcd              0
   27 00000004 00000000 
                       Index   dcd              0
   28 00000008         
   29 00000008         ;Section ROM code (read only) :  
   30 00000008                 area             moncode,code,readonly
   31 00000000         ; écrire le code ici  
   32 00000000         
   33 00000000         fin
   34 00000000 BD80            pop              {pc, r7}
   35 00000002         
   36 00000002         StartSon
   37 00000002 4812            ldr              r0, =Index
   38 00000004 6801            ldr              r1, [r0]
   39 00000006 F04F 0100       mov              r1, #0
   40 0000000A 6001            str              r1, [r0]
   41 0000000C 4770            bx               lr
   42 0000000E         
   43 0000000E         callbackSon
   44 0000000E B580            push             {lr, R7}
   45 00000010 480E            ldr              r0, =Index
   46 00000012 6801            ldr              r1, [r0]
   47 00000014 4A0E            ldr              r2, =LongueurSon
   48 00000016 6813            ldr              r3, [r2]
   49 00000018 4299            cmp              r1, r3      ; if (Index == Long
                                                            ueurSon){



ARM Macro Assembler    Page 3 


   50 0000001A DAF1            bge              fin         ; exi t
   51 0000001C         
   52 0000001C 4A0D            ldr              r2, =Son
   53 0000001E F932 3011       ldrsh            r3, [r2, r1, lsl #1] ; r3 = tab
                                                            Son[Index * 2]
   54 00000022         
   55 00000022 F44F 7734       mov              r7, #720
   56 00000026 FB03 F307       mul              r3, r3, r7
   57 0000002A EA4F 4323       asr              r3, r3, #16 ;  x * 720 / 2^16;
   58 0000002E F503 73B4       add              r3, r3, #360 ; x += 360;
   59 00000032 F8DF C024       ldr              r12, =SortieSon
   60 00000036 F8CC 3000       str              r3, [r12]   ; SortieSon = x;
   61 0000003A         ; paramètres sortie son a set
   62 0000003A B403            push             {r0,r1}
   63 0000003C 4618            mov              r0, r3
   64 0000003E F7FF FFFE       bl               PWM_Set_Value_TIM3_Ch3
   65 00000042 BC03            pop              {r0,r1}
   66 00000044         
   67 00000044 F101 0101       add              r1, #1      ; index++;
   68 00000048 6001            str              r1, [r0]
   69 0000004A         
   70 0000004A BD80            pop{pc,r7}
   71 0000004C         
   72 0000004C                 end
              00000000 
              00000000 
              00000000 
              00000000 
Command Line: --debug --xref --diag_suppress=9931 --cpu=Cortex-M3 --apcs=interw
ork --depend=.\obj\gestionson.d -o.\obj\gestionson.o -I..\PjtKEIL_StepDeb_2\Dri
ver -I.\RTE\_CibleSondeKEIL -IC:\Programdata\Keil\Arm\Packs\ARM\CMSIS\5.7.0\CMS
IS\Core\Include -IC:\Programdata\Keil\Arm\Packs\Keil\STM32F1xx_DFP\2.3.0\Device
\Include --predefine="__EVAL SETA 1" --predefine="__MICROLIB SETA 1" --predefin
e="__UVISION_VERSION SETA 534" --predefine="_RTE_ SETA 1" --predefine="STM32F10
X_MD SETA 1" --predefine="_RTE_ SETA 1" --list=gestionson.lst Src\GestionSon.s



ARM Macro Assembler    Page 1 Alphabetic symbol ordering
Relocatable symbols

mesdata 00000000

Symbol: mesdata
   Definitions
      At line 15 in file Src\GestionSon.s
   Uses
      None
Comment: mesdata unused
1 symbol



ARM Macro Assembler    Page 1 Alphabetic symbol ordering
Relocatable symbols

Index 00000004

Symbol: Index
   Definitions
      At line 27 in file Src\GestionSon.s
   Uses
      At line 10 in file Src\GestionSon.s
      At line 37 in file Src\GestionSon.s
      At line 45 in file Src\GestionSon.s

SortieSon 00000000

Symbol: SortieSon
   Definitions
      At line 26 in file Src\GestionSon.s
   Uses
      At line 11 in file Src\GestionSon.s
      At line 59 in file Src\GestionSon.s

maram 00000000

Symbol: maram
   Definitions
      At line 19 in file Src\GestionSon.s
   Uses
      None
Comment: maram unused
3 symbols



ARM Macro Assembler    Page 1 Alphabetic symbol ordering
Relocatable symbols

StartSon 00000002

Symbol: StartSon
   Definitions
      At line 36 in file Src\GestionSon.s
   Uses
      At line 12 in file Src\GestionSon.s
Comment: StartSon used once
callbackSon 0000000E

Symbol: callbackSon
   Definitions
      At line 43 in file Src\GestionSon.s
   Uses
      At line 9 in file Src\GestionSon.s
Comment: callbackSon used once
fin 00000000

Symbol: fin
   Definitions
      At line 33 in file Src\GestionSon.s
   Uses
      At line 50 in file Src\GestionSon.s
Comment: fin used once
moncode 00000000

Symbol: moncode
   Definitions
      At line 30 in file Src\GestionSon.s
   Uses
      None
Comment: moncode unused
4 symbols



ARM Macro Assembler    Page 1 Alphabetic symbol ordering
External symbols

GPIOA_Clear 00000000

Symbol: GPIOA_Clear
   Definitions
      At line 48 in file ..\PjtKEIL_StepDeb_2\Driver\DriverJeuLaser.inc
   Uses
      None
Comment: GPIOA_Clear unused
GPIOA_Set 00000000

Symbol: GPIOA_Set
   Definitions
      At line 30 in file ..\PjtKEIL_StepDeb_2\Driver\DriverJeuLaser.inc
   Uses
      None
Comment: GPIOA_Set unused
GPIOB_Clear 00000000

Symbol: GPIOB_Clear
   Definitions
      At line 51 in file ..\PjtKEIL_StepDeb_2\Driver\DriverJeuLaser.inc
   Uses
      None
Comment: GPIOB_Clear unused
GPIOB_Set 00000000

Symbol: GPIOB_Set
   Definitions
      At line 33 in file ..\PjtKEIL_StepDeb_2\Driver\DriverJeuLaser.inc
   Uses
      None
Comment: GPIOB_Set unused
GPIOC_Clear 00000000

Symbol: GPIOC_Clear
   Definitions
      At line 54 in file ..\PjtKEIL_StepDeb_2\Driver\DriverJeuLaser.inc
   Uses
      None
Comment: GPIOC_Clear unused
GPIOC_Set 00000000

Symbol: GPIOC_Set
   Definitions
      At line 36 in file ..\PjtKEIL_StepDeb_2\Driver\DriverJeuLaser.inc
   Uses
      None
Comment: GPIOC_Set unused
LongueurSon 00000000

Symbol: LongueurSon
   Definitions
      At line 7 in file Src\GestionSon.s
   Uses
      At line 47 in file Src\GestionSon.s
Comment: LongueurSon used once
PWM_Set_Value_TIM3_Ch3 00000000

Symbol: PWM_Set_Value_TIM3_Ch3



ARM Macro Assembler    Page 2 Alphabetic symbol ordering
External symbols

   Definitions
      At line 18 in file ..\PjtKEIL_StepDeb_2\Driver\DriverJeuLaser.inc
   Uses
      At line 64 in file Src\GestionSon.s
Comment: PWM_Set_Value_TIM3_Ch3 used once
Son 00000000

Symbol: Son
   Definitions
      At line 6 in file Src\GestionSon.s
   Uses
      At line 52 in file Src\GestionSon.s
Comment: Son used once
9 symbols
354 symbols in table
