


ARM Macro Assembler    Page 1 


    1 00000000                 PRESERVE8
    2 00000000                 THUMB
    3 00000000         
    4 00000000                 include          DriverJeuLaser.inc
    1 00000000         
    2 00000000         ; Bibliotheque DriverJeuLaser (ancienne gassp72 adaptée 
                       2021 - TR)
    3 00000000         ; Accès en aux fonctions suivantes :
    4 00000000         ; GPIO :
    5 00000000         ; GPIOA_Set(char Broche), GPIOB_Set(char Broche), GPIOC_
                       Set(char Broche)
    6 00000000         ; GPIOA_Clear(char Broche), GPIOB_Clear(char Broche), GP
                       IOC_Clear(char Broche)
    7 00000000         
    8 00000000         ; PWM :
    9 00000000         ;/**
   10 00000000         ; * @brief  Fixe une valeur de PWM, Val, en tick horloge
                       . La rapport cyclique effectif
   11 00000000         ; * est donc : rcy = Thaut_ticks / Periode_ticks
   12 00000000         ; * @note   spécifique Jeu Laser, PWM liée exclusivement
                        au TIM3, chan3
   13 00000000         ; * @param  Thaut_ticks : durée de l'état haut d'une imp
                       ulsion en Ticks
   14 00000000         ;  * @retval None
   15 00000000         ; */
   16 00000000         
   17 00000000         ;void PWM_Set_Value_TIM3_Ch3( unsigned short int Thaut_t
                       icks);
   18 00000000                 import           PWM_Set_Value_TIM3_Ch3
   19 00000000         
   20 00000000         
   21 00000000         
   22 00000000         ;/**
   23 00000000         ; * @brief  Mise à 1 d'une broche GPIO 
   24 00000000         ;  * @note   Une fonction par GPIO
   25 00000000         ; * @param  Broche : 0 à 15
   26 00000000         ; * @retval None
   27 00000000         ; */
   28 00000000         
   29 00000000         ;void GPIOA_Set(char Broche);
   30 00000000                 import           GPIOA_Set
   31 00000000         
   32 00000000         ;void GPIOB_Set(char Broche);
   33 00000000                 import           GPIOB_Set
   34 00000000         
   35 00000000         ;void GPIOC_Set(char Broche);
   36 00000000                 import           GPIOC_Set
   37 00000000         
   38 00000000         
   39 00000000         
   40 00000000         ;/**
   41 00000000         ; * @brief  Mise à 0 d'une broche GPIO 
   42 00000000         ;  * @note   Une fonction par GPIO
   43 00000000         ; * @param  Broche : 0 à 15
   44 00000000         ; * @retval None
   45 00000000         ;  */
   46 00000000         
   47 00000000         ;void GPIOA_Clear(char Broche);
   48 00000000                 import           GPIOA_Clear



ARM Macro Assembler    Page 2 


   49 00000000         
   50 00000000         ;void GPIOB_Clear(char Broche);
   51 00000000                 import           GPIOB_Clear
   52 00000000         
   53 00000000         ;void GPIOC_Clear(char Broche);
   54 00000000                 import           GPIOC_Clear
   55 00000000         
   56 00000000                 end
    5 00000000         
    6 00000000                 import           LeSignal
    7 00000000         
    8 00000000                 EXPORT           calculReel
    9 00000000         
   10 00000000         ; ====================== zone de réservation de données,
                         ======================================
   11 00000000         ;Section RAM (read only) :
   12 00000000                 area             mesdata,data,readonly
   13 00000000         
   14 00000000         
   15 00000000         ;Section RAM (read write):
   16 00000000                 area             maram,data,readwrite
   17 00000000         
   18 00000000         
   19 00000000         
   20 00000000         ; ======================================================
                       =========================================
   21 00000000         
   22 00000000         
   23 00000000         ;Section ROM code (read only) :  
   24 00000000                 area             moncode,code,readonly
   25 00000000         ; écrire le code ici  
   26 00000000         
   27 00000000         
   28 00000000         ; int M = 64;
   29 00000000         ; int sum = 0;
   30 00000000         ; for(int i = 0; i <= M-1; i++){
   31 00000000         ;    sum += LeSignal[i] * TabCos[i*k % M]
   32 00000000         ; }
   33 00000000         ; return sum;
   34 00000000         ;
   35 00000000         
   36 00000000         
   37 00000000 00000040 
                       M       EQU              64
   38 00000000         
   39 00000000         
   40 00000000         ; r0 signal et r1 = k utilisé par la fonction DFT_Module
                       AuCarre()
   41 00000000         ; SOS
   42 00000000         
   43 00000000         
   44 00000000         calculReel
   45 00000000 E92D 10F0       push{r4,         r5, r6, r7, r12}
   46 00000004         
   47 00000004 F04F 0300       mov              r3, #0      ; load index 
   48 00000008 F04F 0400       mov              r4, #0
   49 0000000C F04F 0640       mov              r6, #M
   50 00000010 F8DF C024       ldr              r12, =TabCos ;r12 = TabCos[p];
   51 00000014         



ARM Macro Assembler    Page 3 


   52 00000014         
   53 00000014         loop
   54 00000014         ; Format : 1.15
   55 00000014 F930 0013       ldrsh            r0, [r0, r3, lsl #1] 
                                                            ; LeSignal[i];
   56 00000018         
   57 00000018 FB01 F203       mul              r2, r1, r3  ; r2 = index*k;
   58 0000001C F002 0240       and              r2, r2, #0x40
   59 00000020         
   60 00000020         ; Format 1.15
   61 00000020 F93C 7012       ldrsh            r7 , [r12, r2, lsl #1] 
                                                            ; TabCos[i*k % M]
   62 00000024         
   63 00000024         ; Format : 2.30
   64 00000024 FB00 F707       mul              r7, r0, r7  ; res = LeSignal[i]
                                                             * TabCos[i*k % M]
   65 00000028         
   66 00000028         ; Format : 2.30
   67 00000028 443C            add              r4, r4, r7  ; sum+= res    
   68 0000002A         
   69 0000002A F103 0301       add              r3, #1      ; index++
   70 0000002E 2B40            cmp              r3, #M      ; si index < M
   71 00000030 DBF0            blt              loop        ; loop
   72 00000032         
   73 00000032         
   74 00000032         exit
   75 00000032 E8BD 10F0       pop{r4,          r5, r6, r7, r12}
   76 00000036 4770            bx               lr
   77 00000038         
   78 00000038         
   79 00000038         
   80 00000038         
   81 00000038         
   82 00000038         
   83 00000038         
   84 00000038         
   85 00000038         
   86 00000038         
   87 00000038         
   88 00000038         
   89 00000038         
   90 00000038         
   91 00000038         
   92 00000038         ;Section ROM code (read only) :  
   93 00000038 00000000        AREA             Trigo, DATA, READONLY
   94 00000000         ; codage fractionnaire 1.15
   95 00000000         
   96 00000000         TabCos
   97 00000000 FF 7F           DCW              32767       ;  0 0x7fff  0.9999
                                                            7
   98 00000002 62 7F           DCW              32610       ;  1 0x7f62  0.9951
                                                            8
   99 00000004 8A 7D           DCW              32138       ;  2 0x7d8a  0.9807
                                                            7
  100 00000006 7D 7A           DCW              31357       ;  3 0x7a7d  0.9569
                                                            4
  101 00000008 42 76           DCW              30274       ;  4 0x7642  0.9238
                                                            9
  102 0000000A E3 70           DCW              28899       ;  5 0x70e3  0.8819



ARM Macro Assembler    Page 4 


                                                            3
  103 0000000C 6E 6A           DCW              27246       ;  6 0x6a6e  0.8314
                                                            8
  104 0000000E F2 62           DCW              25330       ;  7 0x62f2  0.7730
                                                            1
  105 00000010 82 5A           DCW              23170       ;  8 0x5a82  0.7070
                                                            9
  106 00000012 34 51           DCW              20788       ;  9 0x5134  0.6344
                                                            0
  107 00000014 1D 47           DCW              18205       ; 10 0x471d  0.5555
                                                            7
  108 00000016 57 3C           DCW              15447       ; 11 0x3c57  0.4714
                                                            1
  109 00000018 FC 30           DCW              12540       ; 12 0x30fc  0.3826
                                                            9
  110 0000001A 28 25           DCW              9512        ; 13 0x2528  0.2902
                                                            8
  111 0000001C F9 18           DCW              6393        ; 14 0x18f9  0.1951
                                                            0
  112 0000001E 8C 0C           DCW              3212        ; 15 0x0c8c  0.0980
                                                            2
  113 00000020 00 00           DCW              0           ; 16 0x0000  0.0000
                                                            0
  114 00000022 74 F3           DCW              -3212       ; 17 0xf374 -0.0980
                                                            2
  115 00000024 07 E7           DCW              -6393       ; 18 0xe707 -0.1951
                                                            0
  116 00000026 D8 DA           DCW              -9512       ; 19 0xdad8 -0.2902
                                                            8
  117 00000028 04 CF           DCW              -12540      ; 20 0xcf04 -0.3826
                                                            9
  118 0000002A A9 C3           DCW              -15447      ; 21 0xc3a9 -0.4714
                                                            1
  119 0000002C E3 B8           DCW              -18205      ; 22 0xb8e3 -0.5555
                                                            7
  120 0000002E CC AE           DCW              -20788      ; 23 0xaecc -0.6344
                                                            0
  121 00000030 7E A5           DCW              -23170      ; 24 0xa57e -0.7070
                                                            9
  122 00000032 0E 9D           DCW              -25330      ; 25 0x9d0e -0.7730
                                                            1
  123 00000034 92 95           DCW              -27246      ; 26 0x9592 -0.8314
                                                            8
  124 00000036 1D 8F           DCW              -28899      ; 27 0x8f1d -0.8819
                                                            3
  125 00000038 BE 89           DCW              -30274      ; 28 0x89be -0.9238
                                                            9
  126 0000003A 83 85           DCW              -31357      ; 29 0x8583 -0.9569
                                                            4
  127 0000003C 76 82           DCW              -32138      ; 30 0x8276 -0.9807
                                                            7
  128 0000003E 9E 80           DCW              -32610      ; 31 0x809e -0.9951
                                                            8
  129 00000040 00 80           DCW              -32768      ; 32 0x8000 -1.0000
                                                            0
  130 00000042 9E 80           DCW              -32610      ; 33 0x809e -0.9951
                                                            8
  131 00000044 76 82           DCW              -32138      ; 34 0x8276 -0.9807
                                                            7



ARM Macro Assembler    Page 5 


  132 00000046 83 85           DCW              -31357      ; 35 0x8583 -0.9569
                                                            4
  133 00000048 BE 89           DCW              -30274      ; 36 0x89be -0.9238
                                                            9
  134 0000004A 1D 8F           DCW              -28899      ; 37 0x8f1d -0.8819
                                                            3
  135 0000004C 92 95           DCW              -27246      ; 38 0x9592 -0.8314
                                                            8
  136 0000004E 0E 9D           DCW              -25330      ; 39 0x9d0e -0.7730
                                                            1
  137 00000050 7E A5           DCW              -23170      ; 40 0xa57e -0.7070
                                                            9
  138 00000052 CC AE           DCW              -20788      ; 41 0xaecc -0.6344
                                                            0
  139 00000054 E3 B8           DCW              -18205      ; 42 0xb8e3 -0.5555
                                                            7
  140 00000056 A9 C3           DCW              -15447      ; 43 0xc3a9 -0.4714
                                                            1
  141 00000058 04 CF           DCW              -12540      ; 44 0xcf04 -0.3826
                                                            9
  142 0000005A D8 DA           DCW              -9512       ; 45 0xdad8 -0.2902
                                                            8
  143 0000005C 07 E7           DCW              -6393       ; 46 0xe707 -0.1951
                                                            0
  144 0000005E 74 F3           DCW              -3212       ; 47 0xf374 -0.0980
                                                            2
  145 00000060 00 00           DCW              0           ; 48 0x0000  0.0000
                                                            0
  146 00000062 8C 0C           DCW              3212        ; 49 0x0c8c  0.0980
                                                            2
  147 00000064 F9 18           DCW              6393        ; 50 0x18f9  0.1951
                                                            0
  148 00000066 28 25           DCW              9512        ; 51 0x2528  0.2902
                                                            8
  149 00000068 FC 30           DCW              12540       ; 52 0x30fc  0.3826
                                                            9
  150 0000006A 57 3C           DCW              15447       ; 53 0x3c57  0.4714
                                                            1
  151 0000006C 1D 47           DCW              18205       ; 54 0x471d  0.5555
                                                            7
  152 0000006E 34 51           DCW              20788       ; 55 0x5134  0.6344
                                                            0
  153 00000070 82 5A           DCW              23170       ; 56 0x5a82  0.7070
                                                            9
  154 00000072 F2 62           DCW              25330       ; 57 0x62f2  0.7730
                                                            1
  155 00000074 6E 6A           DCW              27246       ; 58 0x6a6e  0.8314
                                                            8
  156 00000076 E3 70           DCW              28899       ; 59 0x70e3  0.8819
                                                            3
  157 00000078 42 76           DCW              30274       ; 60 0x7642  0.9238
                                                            9
  158 0000007A 7D 7A           DCW              31357       ; 61 0x7a7d  0.9569
                                                            4
  159 0000007C 8A 7D           DCW              32138       ; 62 0x7d8a  0.9807
                                                            7
  160 0000007E 62 7F           DCW              32610       ; 63 0x7f62  0.9951
                                                            8
  161 00000080         TabSin



ARM Macro Assembler    Page 6 


  162 00000080 00 00           DCW              0           ;  0 0x0000  0.0000
                                                            0
  163 00000082 8C 0C           DCW              3212        ;  1 0x0c8c  0.0980
                                                            2
  164 00000084 F9 18           DCW              6393        ;  2 0x18f9  0.1951
                                                            0
  165 00000086 28 25           DCW              9512        ;  3 0x2528  0.2902
                                                            8
  166 00000088 FC 30           DCW              12540       ;  4 0x30fc  0.3826
                                                            9
  167 0000008A 57 3C           DCW              15447       ;  5 0x3c57  0.4714
                                                            1
  168 0000008C 1D 47           DCW              18205       ;  6 0x471d  0.5555
                                                            7
  169 0000008E 34 51           DCW              20788       ;  7 0x5134  0.6344
                                                            0
  170 00000090 82 5A           DCW              23170       ;  8 0x5a82  0.7070
                                                            9
  171 00000092 F2 62           DCW              25330       ;  9 0x62f2  0.7730
                                                            1
  172 00000094 6E 6A           DCW              27246       ; 10 0x6a6e  0.8314
                                                            8
  173 00000096 E3 70           DCW              28899       ; 11 0x70e3  0.8819
                                                            3
  174 00000098 42 76           DCW              30274       ; 12 0x7642  0.9238
                                                            9
  175 0000009A 7D 7A           DCW              31357       ; 13 0x7a7d  0.9569
                                                            4
  176 0000009C 8A 7D           DCW              32138       ; 14 0x7d8a  0.9807
                                                            7
  177 0000009E 62 7F           DCW              32610       ; 15 0x7f62  0.9951
                                                            8
  178 000000A0 FF 7F           DCW              32767       ; 16 0x7fff  0.9999
                                                            7
  179 000000A2 62 7F           DCW              32610       ; 17 0x7f62  0.9951
                                                            8
  180 000000A4 8A 7D           DCW              32138       ; 18 0x7d8a  0.9807
                                                            7
  181 000000A6 7D 7A           DCW              31357       ; 19 0x7a7d  0.9569
                                                            4
  182 000000A8 42 76           DCW              30274       ; 20 0x7642  0.9238
                                                            9
  183 000000AA E3 70           DCW              28899       ; 21 0x70e3  0.8819
                                                            3
  184 000000AC 6E 6A           DCW              27246       ; 22 0x6a6e  0.8314
                                                            8
  185 000000AE F2 62           DCW              25330       ; 23 0x62f2  0.7730
                                                            1
  186 000000B0 82 5A           DCW              23170       ; 24 0x5a82  0.7070
                                                            9
  187 000000B2 34 51           DCW              20788       ; 25 0x5134  0.6344
                                                            0
  188 000000B4 1D 47           DCW              18205       ; 26 0x471d  0.5555
                                                            7
  189 000000B6 57 3C           DCW              15447       ; 27 0x3c57  0.4714
                                                            1
  190 000000B8 FC 30           DCW              12540       ; 28 0x30fc  0.3826
                                                            9
  191 000000BA 28 25           DCW              9512        ; 29 0x2528  0.2902



ARM Macro Assembler    Page 7 


                                                            8
  192 000000BC F9 18           DCW              6393        ; 30 0x18f9  0.1951
                                                            0
  193 000000BE 8C 0C           DCW              3212        ; 31 0x0c8c  0.0980
                                                            2
  194 000000C0 00 00           DCW              0           ; 32 0x0000  0.0000
                                                            0
  195 000000C2 74 F3           DCW              -3212       ; 33 0xf374 -0.0980
                                                            2
  196 000000C4 07 E7           DCW              -6393       ; 34 0xe707 -0.1951
                                                            0
  197 000000C6 D8 DA           DCW              -9512       ; 35 0xdad8 -0.2902
                                                            8
  198 000000C8 04 CF           DCW              -12540      ; 36 0xcf04 -0.3826
                                                            9
  199 000000CA A9 C3           DCW              -15447      ; 37 0xc3a9 -0.4714
                                                            1
  200 000000CC E3 B8           DCW              -18205      ; 38 0xb8e3 -0.5555
                                                            7
  201 000000CE CC AE           DCW              -20788      ; 39 0xaecc -0.6344
                                                            0
  202 000000D0 7E A5           DCW              -23170      ; 40 0xa57e -0.7070
                                                            9
  203 000000D2 0E 9D           DCW              -25330      ; 41 0x9d0e -0.7730
                                                            1
  204 000000D4 92 95           DCW              -27246      ; 42 0x9592 -0.8314
                                                            8
  205 000000D6 1D 8F           DCW              -28899      ; 43 0x8f1d -0.8819
                                                            3
  206 000000D8 BE 89           DCW              -30274      ; 44 0x89be -0.9238
                                                            9
  207 000000DA 83 85           DCW              -31357      ; 45 0x8583 -0.9569
                                                            4
  208 000000DC 76 82           DCW              -32138      ; 46 0x8276 -0.9807
                                                            7
  209 000000DE 9E 80           DCW              -32610      ; 47 0x809e -0.9951
                                                            8
  210 000000E0 00 80           DCW              -32768      ; 48 0x8000 -1.0000
                                                            0
  211 000000E2 9E 80           DCW              -32610      ; 49 0x809e -0.9951
                                                            8
  212 000000E4 76 82           DCW              -32138      ; 50 0x8276 -0.9807
                                                            7
  213 000000E6 83 85           DCW              -31357      ; 51 0x8583 -0.9569
                                                            4
  214 000000E8 BE 89           DCW              -30274      ; 52 0x89be -0.9238
                                                            9
  215 000000EA 1D 8F           DCW              -28899      ; 53 0x8f1d -0.8819
                                                            3
  216 000000EC 92 95           DCW              -27246      ; 54 0x9592 -0.8314
                                                            8
  217 000000EE 0E 9D           DCW              -25330      ; 55 0x9d0e -0.7730
                                                            1
  218 000000F0 7E A5           DCW              -23170      ; 56 0xa57e -0.7070
                                                            9
  219 000000F2 CC AE           DCW              -20788      ; 57 0xaecc -0.6344
                                                            0
  220 000000F4 E3 B8           DCW              -18205      ; 58 0xb8e3 -0.5555
                                                            7



ARM Macro Assembler    Page 8 


  221 000000F6 A9 C3           DCW              -15447      ; 59 0xc3a9 -0.4714
                                                            1
  222 000000F8 04 CF           DCW              -12540      ; 60 0xcf04 -0.3826
                                                            9
  223 000000FA D8 DA           DCW              -9512       ; 61 0xdad8 -0.2902
                                                            8
  224 000000FC 07 E7           DCW              -6393       ; 62 0xe707 -0.1951
                                                            0
  225 000000FE 74 F3           DCW              -3212       ; 63 0xf374 -0.0980
                                                            2
  226 00000100         
  227 00000100         
  228 00000100         
  229 00000100         
  230 00000100                 END
Command Line: --debug --xref --diag_suppress=9931 --cpu=Cortex-M3 --apcs=interw
ork --depend=.\obj\dft.d -o.\obj\dft.o -I.\Driver -I.\RTE\_Simu -IC:\Programdat
a\Keil\Arm\Packs\ARM\CMSIS\5.7.0\CMSIS\Core\Include -IC:\Programdata\Keil\Arm\P
acks\Keil\STM32F1xx_DFP\2.3.0\Device\Include --predefine="__EVAL SETA 1" --pred
efine="__MICROLIB SETA 1" --predefine="__UVISION_VERSION SETA 534" --predefine=
"_RTE_ SETA 1" --predefine="STM32F10X_MD SETA 1" --predefine="_RTE_ SETA 1" --l
ist=dft.lst Src\DFT.s



ARM Macro Assembler    Page 1 Alphabetic symbol ordering
Relocatable symbols

mesdata 00000000

Symbol: mesdata
   Definitions
      At line 12 in file Src\DFT.s
   Uses
      None
Comment: mesdata unused
1 symbol



ARM Macro Assembler    Page 1 Alphabetic symbol ordering
Relocatable symbols

maram 00000000

Symbol: maram
   Definitions
      At line 16 in file Src\DFT.s
   Uses
      None
Comment: maram unused
1 symbol



ARM Macro Assembler    Page 1 Alphabetic symbol ordering
Relocatable symbols

calculReel 00000000

Symbol: calculReel
   Definitions
      At line 44 in file Src\DFT.s
   Uses
      At line 8 in file Src\DFT.s
Comment: calculReel used once
exit 00000032

Symbol: exit
   Definitions
      At line 74 in file Src\DFT.s
   Uses
      None
Comment: exit unused
loop 00000014

Symbol: loop
   Definitions
      At line 53 in file Src\DFT.s
   Uses
      At line 71 in file Src\DFT.s
Comment: loop used once
moncode 00000000

Symbol: moncode
   Definitions
      At line 24 in file Src\DFT.s
   Uses
      None
Comment: moncode unused
4 symbols



ARM Macro Assembler    Page 1 Alphabetic symbol ordering
Relocatable symbols

TabCos 00000000

Symbol: TabCos
   Definitions
      At line 96 in file Src\DFT.s
   Uses
      At line 50 in file Src\DFT.s
Comment: TabCos used once
TabSin 00000080

Symbol: TabSin
   Definitions
      At line 161 in file Src\DFT.s
   Uses
      None
Comment: TabSin unused
Trigo 00000000

Symbol: Trigo
   Definitions
      At line 93 in file Src\DFT.s
   Uses
      None
Comment: Trigo unused
3 symbols



ARM Macro Assembler    Page 1 Alphabetic symbol ordering
Absolute symbols

M 00000040

Symbol: M
   Definitions
      At line 37 in file Src\DFT.s
   Uses
      At line 49 in file Src\DFT.s
      At line 70 in file Src\DFT.s

1 symbol



ARM Macro Assembler    Page 1 Alphabetic symbol ordering
External symbols

GPIOA_Clear 00000000

Symbol: GPIOA_Clear
   Definitions
      At line 48 in file .\Driver\DriverJeuLaser.inc
   Uses
      None
Comment: GPIOA_Clear unused
GPIOA_Set 00000000

Symbol: GPIOA_Set
   Definitions
      At line 30 in file .\Driver\DriverJeuLaser.inc
   Uses
      None
Comment: GPIOA_Set unused
GPIOB_Clear 00000000

Symbol: GPIOB_Clear
   Definitions
      At line 51 in file .\Driver\DriverJeuLaser.inc
   Uses
      None
Comment: GPIOB_Clear unused
GPIOB_Set 00000000

Symbol: GPIOB_Set
   Definitions
      At line 33 in file .\Driver\DriverJeuLaser.inc
   Uses
      None
Comment: GPIOB_Set unused
GPIOC_Clear 00000000

Symbol: GPIOC_Clear
   Definitions
      At line 54 in file .\Driver\DriverJeuLaser.inc
   Uses
      None
Comment: GPIOC_Clear unused
GPIOC_Set 00000000

Symbol: GPIOC_Set
   Definitions
      At line 36 in file .\Driver\DriverJeuLaser.inc
   Uses
      None
Comment: GPIOC_Set unused
LeSignal 00000000

Symbol: LeSignal
   Definitions
      At line 6 in file Src\DFT.s
   Uses
      None
Comment: LeSignal unused
PWM_Set_Value_TIM3_Ch3 00000000

Symbol: PWM_Set_Value_TIM3_Ch3



ARM Macro Assembler    Page 2 Alphabetic symbol ordering
External symbols

   Definitions
      At line 18 in file .\Driver\DriverJeuLaser.inc
   Uses
      None
Comment: PWM_Set_Value_TIM3_Ch3 unused
8 symbols
355 symbols in table
