


ARM Macro Assembler    Page 1 


    1 00000000                 AREA             Signal, DATA, READONLY
    2 00000000                 export           LeSignal
    3 00000000         LeSignal
    4 00000000 00 08           DCW              0x0800      ;  0 2048  0.50000
    5 00000002 2F 0E           DCW              0x0e2f      ;  1 3631  0.88647
    6 00000004 27 00           DCW              0x0027      ;  2   39  0.00952
    7 00000006 C5 0B           DCW              0x0bc5      ;  3 3013  0.73560
    8 00000008 10 0B           DCW              0x0b10      ;  4 2832  0.69141
    9 0000000A 58 00           DCW              0x0058      ;  5   88  0.02148
   10 0000000C A7 0E           DCW              0x0ea7      ;  6 3751  0.91577
   11 0000000E 37 07           DCW              0x0737      ;  7 1847  0.45093
   12 00000010 58 02           DCW              0x0258      ;  8  600  0.14648
   13 00000012 F6 0F           DCW              0x0ff6      ;  9 4086  0.99756
   14 00000014 8E 03           DCW              0x038e      ; 10  910  0.22217
   15 00000016 AD 05           DCW              0x05ad      ; 11 1453  0.35474
   16 00000018 64 0F           DCW              0x0f64      ; 12 3940  0.96191
   17 0000001A F2 00           DCW              0x00f2      ; 13  242  0.05908
   18 0000001C 90 09           DCW              0x0990      ; 14 2448  0.59766
   19 0000001E 13 0D           DCW              0x0d13      ; 15 3347  0.81714
   20 00000020 00 00           DCW              0x0000      ; 16    0  0.00000
   21 00000022 13 0D           DCW              0x0d13      ; 17 3347  0.81714
   22 00000024 90 09           DCW              0x0990      ; 18 2448  0.59766
   23 00000026 F2 00           DCW              0x00f2      ; 19  242  0.05908
   24 00000028 64 0F           DCW              0x0f64      ; 20 3940  0.96191
   25 0000002A AD 05           DCW              0x05ad      ; 21 1453  0.35474
   26 0000002C 8E 03           DCW              0x038e      ; 22  910  0.22217
   27 0000002E F6 0F           DCW              0x0ff6      ; 23 4086  0.99756
   28 00000030 58 02           DCW              0x0258      ; 24  600  0.14648
   29 00000032 37 07           DCW              0x0737      ; 25 1847  0.45093
   30 00000034 A7 0E           DCW              0x0ea7      ; 26 3751  0.91577
   31 00000036 58 00           DCW              0x0058      ; 27   88  0.02148
   32 00000038 10 0B           DCW              0x0b10      ; 28 2832  0.69141
   33 0000003A C5 0B           DCW              0x0bc5      ; 29 3013  0.73560
   34 0000003C 27 00           DCW              0x0027      ; 30   39  0.00952
   35 0000003E 2F 0E           DCW              0x0e2f      ; 31 3631  0.88647
   36 00000040 00 08           DCW              0x0800      ; 32 2048  0.50000
   37 00000042 D1 01           DCW              0x01d1      ; 33  465  0.11353
   38 00000044 D9 0F           DCW              0x0fd9      ; 34 4057  0.99048
   39 00000046 3B 04           DCW              0x043b      ; 35 1083  0.26440
   40 00000048 F0 04           DCW              0x04f0      ; 36 1264  0.30859
   41 0000004A A8 0F           DCW              0x0fa8      ; 37 4008  0.97852
   42 0000004C 59 01           DCW              0x0159      ; 38  345  0.08423
   43 0000004E C9 08           DCW              0x08c9      ; 39 2249  0.54907
   44 00000050 A8 0D           DCW              0x0da8      ; 40 3496  0.85352
   45 00000052 0A 00           DCW              0x000a      ; 41   10  0.00244
   46 00000054 72 0C           DCW              0x0c72      ; 42 3186  0.77783
   47 00000056 53 0A           DCW              0x0a53      ; 43 2643  0.64526
   48 00000058 9C 00           DCW              0x009c      ; 44  156  0.03809
   49 0000005A 0E 0F           DCW              0x0f0e      ; 45 3854  0.94092
   50 0000005C 70 06           DCW              0x0670      ; 46 1648  0.40234
   51 0000005E ED 02           DCW              0x02ed      ; 47  749  0.18286
   52 00000060 FF 0F           DCW              0x0fff      ; 48 4095  0.99976
   53 00000062 ED 02           DCW              0x02ed      ; 49  749  0.18286
   54 00000064 70 06           DCW              0x0670      ; 50 1648  0.40234
   55 00000066 0E 0F           DCW              0x0f0e      ; 51 3854  0.94092
   56 00000068 9C 00           DCW              0x009c      ; 52  156  0.03809
   57 0000006A 53 0A           DCW              0x0a53      ; 53 2643  0.64526
   58 0000006C 72 0C           DCW              0x0c72      ; 54 3186  0.77783
   59 0000006E 0A 00           DCW              0x000a      ; 55   10  0.00244



ARM Macro Assembler    Page 2 


   60 00000070 A8 0D           DCW              0x0da8      ; 56 3496  0.85352
   61 00000072 C9 08           DCW              0x08c9      ; 57 2249  0.54907
   62 00000074 59 01           DCW              0x0159      ; 58  345  0.08423
   63 00000076 A8 0F           DCW              0x0fa8      ; 59 4008  0.97852
   64 00000078 F0 04           DCW              0x04f0      ; 60 1264  0.30859
   65 0000007A 3B 04           DCW              0x043b      ; 61 1083  0.26440
   66 0000007C D9 0F           DCW              0x0fd9      ; 62 4057  0.99048
   67 0000007E D1 01           DCW              0x01d1      ; 63  465  0.11353
   68 00000080                 END
Command Line: --debug --xref --diag_suppress=9931 --cpu=Cortex-M3 --apcs=interw
ork --depend=.\obj\signal.d -o.\obj\signal.o -I.\Driver -I.\RTE\_Simu -IC:\Prog
ramdata\Keil\Arm\Packs\ARM\CMSIS\5.7.0\CMSIS\Core\Include -IC:\Programdata\Keil
\Arm\Packs\Keil\STM32F1xx_DFP\2.3.0\Device\Include --predefine="__EVAL SETA 1" 
--predefine="__MICROLIB SETA 1" --predefine="__UVISION_VERSION SETA 534" --pred
efine="_RTE_ SETA 1" --predefine="STM32F10X_MD SETA 1" --predefine="_RTE_ SETA 
1" --list=signal.lst Src\Signal.asm



ARM Macro Assembler    Page 1 Alphabetic symbol ordering
Relocatable symbols

LeSignal 00000000

Symbol: LeSignal
   Definitions
      At line 3 in file Src\Signal.asm
   Uses
      At line 2 in file Src\Signal.asm
Comment: LeSignal used once
Signal 00000000

Symbol: Signal
   Definitions
      At line 1 in file Src\Signal.asm
   Uses
      None
Comment: Signal unused
2 symbols
337 symbols in table
